2025-07-15 08:24:14,770 INFO o.a.j.u.JMeterUtils: Setting Locale to en_EN
2025-07-15 08:24:14,808 INFO o.a.j.JMeter: Loading user properties from: D:\apache-jmeter-5.6.3\bin\user.properties
2025-07-15 08:24:14,814 INFO o.a.j.JMeter: Loading system properties from: D:\apache-jmeter-5.6.3\bin\system.properties
2025-07-15 08:24:14,814 INFO o.a.j.JMeter: Loading additional properties from: D:\cdc-jmeter\configs\secret.properties
2025-07-15 08:24:14,825 INFO o.a.j.JMeter: Copyright (c) 1998-2024 The Apache Software Foundation
2025-07-15 08:24:14,825 INFO o.a.j.JMeter: Version 5.6.3
2025-07-15 08:24:14,825 INFO o.a.j.JMeter: java.version=24.0.1
2025-07-15 08:24:14,825 INFO o.a.j.JMeter: java.vm.name=Java HotSpot(TM) 64-Bit Server VM
2025-07-15 08:24:14,826 INFO o.a.j.JMeter: os.name=Windows 11
2025-07-15 08:24:14,826 INFO o.a.j.JMeter: os.arch=amd64
2025-07-15 08:24:14,826 INFO o.a.j.JMeter: os.version=10.0
2025-07-15 08:24:14,826 INFO o.a.j.JMeter: file.encoding=UTF-8
2025-07-15 08:24:14,826 INFO o.a.j.JMeter: java.awt.headless=true
2025-07-15 08:24:14,826 INFO o.a.j.JMeter: Max memory     =1073741824
2025-07-15 08:24:14,826 INFO o.a.j.JMeter: Available Processors =8
2025-07-15 08:24:14,839 INFO o.a.j.JMeter: Default Locale=English (EN)
2025-07-15 08:24:14,840 INFO o.a.j.JMeter: JMeter  Locale=English (EN)
2025-07-15 08:24:14,840 INFO o.a.j.JMeter: JMeterHome=D:\apache-jmeter-5.6.3
2025-07-15 08:24:14,840 INFO o.a.j.JMeter: user.dir  =D:\cdc-jmeter
2025-07-15 08:24:14,840 INFO o.a.j.JMeter: PWD       =D:\cdc-jmeter
2025-07-15 08:24:14,842 INFO o.a.j.JMeter: IP: 172.19.16.130 Name: MTNB1239 FullName: MTNB1239.mitrais.com
2025-07-15 08:24:14,855 ERROR o.a.j.JMeter: An error occurred: 
org.apache.jmeter.report.config.ConfigurationException: The file D:\cdc-jmeter\tests\CDC Jmeter.jmx doesn't exist or can't be opened
	at org.apache.jmeter.JMeter.runNonGui(JMeter.java:950) ~[ApacheJMeter_core.jar:5.6.3]
	at org.apache.jmeter.JMeter.startNonGui(JMeter.java:940) ~[ApacheJMeter_core.jar:5.6.3]
	at org.apache.jmeter.JMeter.start(JMeter.java:508) [ApacheJMeter_core.jar:5.6.3]
	at java.base/jdk.internal.reflect.DirectMethodHandleAccessor.invoke(DirectMethodHandleAccessor.java:104) ~[?:?]
	at java.base/java.lang.reflect.Method.invoke(Method.java:565) ~[?:?]
	at org.apache.jmeter.NewDriver.main(NewDriver.java:259) [ApacheJMeter.jar:5.6.3]
